<?xml version="1.0" encoding="utf-8"?><testsuites name="pytest tests"><testsuite name="pytest" errors="0" failures="0" skipped="2" tests="10" time="4.458" timestamp="2026-04-21T04:55:13.667663+00:00" hostname="agent-env-ecb575fe-e12f-4dc2-9981-ed649872fa8b"><testcase classname="backend.tests.test_beta_program.TestBetaStatus" name="test_status_shape" time="0.141" /><testcase classname="backend.tests.test_beta_program.TestBetaSignup" name="test_signup_without_verified_otp_rejected" time="0.047" /><testcase classname="backend.tests.test_beta_program.TestBetaSignup" name="test_signup_invalid_phone_rejected" time="0.048" /><testcase classname="backend.tests.test_beta_program.TestBetaSignup" name="test_signup_happy_path_resume_and_counter" time="1.444"><skipped type="pytest.skip" message="happy-path succeeded; resume call rate-limited (3/hour)">/app/backend/tests/test_beta_program.py:116: happy-path succeeded; resume call rate-limited (3/hour)</skipped></testcase><testcase classname="backend.tests.test_beta_program.TestBetaSignup" name="test_signup_blocks_existing_paid_non_beta" time="0.433"><skipped type="pytest.skip" message="payment/create-order unavailable: 422">/app/backend/tests/test_beta_program.py:136: payment/create-order unavailable: 422</skipped></testcase><testcase classname="backend.tests.test_beta_program.TestBetaFeedback" name="test_feedback_happy_bug" time="0.459" /><testcase classname="backend.tests.test_beta_program.TestBetaFeedback" name="test_feedback_all_categories" time="1.308" /><testcase classname="backend.tests.test_beta_program.TestBetaFeedback" name="test_feedback_invalid_category_rejected" time="0.044" /><testcase classname="backend.tests.test_beta_program.TestBetaFeedback" name="test_feedback_short_message_rejected" time="0.045" /><testcase classname="backend.tests.test_beta_program.TestBetaFeedback" name="test_feedback_optional_rating_outside_range_ignored" time="0.425" /></testsuite></testsuites>