<?xml version="1.0" encoding="utf-8"?><testsuites name="pytest tests"><testsuite name="pytest" errors="0" failures="1" skipped="0" tests="9" time="3.134" timestamp="2026-04-03T06:52:37.992162+00:00" hostname="agent-env-ecb575fe-e12f-4dc2-9981-ed649872fa8b"><testcase classname="backend.tests.test_mandatory_registration_fields.TestMandatoryRegistrationFields" name="test_otp_send_and_verify" time="0.278" /><testcase classname="backend.tests.test_mandatory_registration_fields.TestMandatoryRegistrationFields" name="test_create_order_requires_all_fields" time="0.293" /><testcase classname="backend.tests.test_mandatory_registration_fields.TestMandatoryRegistrationFields" name="test_create_order_missing_name" time="0.310" /><testcase classname="backend.tests.test_mandatory_registration_fields.TestMandatoryRegistrationFields" name="test_create_order_missing_email" time="0.318" /><testcase classname="backend.tests.test_mandatory_registration_fields.TestMandatoryRegistrationFields" name="test_create_order_missing_address" time="0.320" /><testcase classname="backend.tests.test_mandatory_registration_fields.TestMandatoryRegistrationFields" name="test_order_stores_email_and_address" time="0.468" /><testcase classname="backend.tests.test_mandatory_registration_fields.TestMandatoryRegistrationFields" name="test_membership_endpoint_returns_all_fields" time="0.478" /><testcase classname="backend.tests.test_mandatory_registration_fields.TestCreateOrderRequestModel" name="test_valid_request_with_all_fields" time="0.287" /><testcase classname="backend.tests.test_mandatory_registration_fields.TestCreateOrderRequestModel" name="test_invalid_email_format" time="0.314"><failure message="AssertionError: Expected 422 for invalid email, got 200&#10;assert 200 == 422&#10; +  where 200 = &lt;Response [200]&gt;.status_code">backend/tests/test_mandatory_registration_fields.py:253: in test_invalid_email_format
    assert response.status_code == 422, f"Expected 422 for invalid email, got {response.status_code}"
E   AssertionError: Expected 422 for invalid email, got 200
E   assert 200 == 422
E    +  where 200 = &lt;Response [200]&gt;.status_code</failure></testcase></testsuite></testsuites>