<?xml version="1.0" encoding="utf-8"?><testsuites name="pytest tests"><testsuite name="pytest" errors="0" failures="0" skipped="0" tests="17" time="3.496" timestamp="2026-04-01T06:38:06.487669+00:00" hostname="agent-env-ecb575fe-e12f-4dc2-9981-ed649872fa8b"><testcase classname="backend.tests.test_final_prelaunch.TestHealthAndStatus" name="test_scrape_status_returns_17_brands" time="0.167" /><testcase classname="backend.tests.test_final_prelaunch.TestHealthAndStatus" name="test_scheduler_status_shows_next_run" time="0.102" /><testcase classname="backend.tests.test_final_prelaunch.TestProductsAPI" name="test_search_returns_products" time="0.209" /><testcase classname="backend.tests.test_final_prelaunch.TestProductsAPI" name="test_search_with_query" time="0.188" /><testcase classname="backend.tests.test_final_prelaunch.TestProductsAPI" name="test_product_has_price_data" time="0.121" /><testcase classname="backend.tests.test_final_prelaunch.TestSubscriptionFlow" name="test_otp_send" time="0.099" /><testcase classname="backend.tests.test_final_prelaunch.TestSubscriptionFlow" name="test_otp_verify" time="0.246" /><testcase classname="backend.tests.test_final_prelaunch.TestSubscriptionFlow" name="test_payment_create_order" time="0.393" /><testcase classname="backend.tests.test_final_prelaunch.TestSubscriptionFlow" name="test_payment_verify" time="0.483" /><testcase classname="backend.tests.test_final_prelaunch.TestPreferencesAPI" name="test_save_preferences" time="0.298" /><testcase classname="backend.tests.test_final_prelaunch.TestPreferencesAPI" name="test_get_preferences" time="0.404" /><testcase classname="backend.tests.test_final_prelaunch.TestWalletAPI" name="test_apple_wallet_returns_info" time="0.101" /><testcase classname="backend.tests.test_final_prelaunch.TestWalletAPI" name="test_google_wallet_returns_info" time="0.099" /><testcase classname="backend.tests.test_final_prelaunch.TestBrandsAPI" name="test_brands_endpoint" time="0.107" /><testcase classname="backend.tests.test_final_prelaunch.TestPartnerInquiry" name="test_partner_inquiry" time="0.104" /><testcase classname="backend.tests.test_final_prelaunch.TestInputValidation" name="test_invalid_phone_rejected" time="0.095" /><testcase classname="backend.tests.test_final_prelaunch.TestInputValidation" name="test_invalid_otp_rejected" time="0.205" /></testsuite></testsuites>