<?xml version="1.0" encoding="utf-8"?><testsuites name="pytest tests"><testsuite name="pytest" errors="0" failures="0" skipped="0" tests="17" time="6.344" timestamp="2026-03-31T16:08:00.083126+00:00" hostname="agent-env-3ad7efc7-1660-4775-9a64-83ec4e153714"><testcase classname="tests.test_drops_curated_api.TestSearchAPI" name="test_search_empty_query_returns_products" time="0.223" /><testcase classname="tests.test_drops_curated_api.TestSearchAPI" name="test_search_with_query_filters_products" time="0.136" /><testcase classname="tests.test_drops_curated_api.TestSearchAPI" name="test_search_with_category_filter" time="0.148" /><testcase classname="tests.test_drops_curated_api.TestSearchAPI" name="test_search_pagination" time="0.321" /><testcase classname="tests.test_drops_curated_api.TestSearchAPI" name="test_search_returns_price_data" time="0.132" /><testcase classname="tests.test_drops_curated_api.TestProductDetailAPI" name="test_get_product_by_id" time="3.625" /><testcase classname="tests.test_drops_curated_api.TestProductDetailAPI" name="test_get_product_not_found" time="0.110" /><testcase classname="tests.test_drops_curated_api.TestProductDetailAPI" name="test_product_prices_structure" time="0.289" /><testcase classname="tests.test_drops_curated_api.TestSubscribeAPI" name="test_subscribe_valid_phone" time="0.177" /><testcase classname="tests.test_drops_curated_api.TestSubscribeAPI" name="test_subscribe_invalid_phone_short" time="0.117" /><testcase classname="tests.test_drops_curated_api.TestSubscribeAPI" name="test_subscribe_invalid_phone_long" time="0.138" /><testcase classname="tests.test_drops_curated_api.TestSubscribeAPI" name="test_subscribe_update_existing" time="0.130" /><testcase classname="tests.test_drops_curated_api.TestScrapeStatusAPI" name="test_scrape_status_returns_brands" time="0.106" /><testcase classname="tests.test_drops_curated_api.TestScrapeStatusAPI" name="test_scrape_status_brand_structure" time="0.140" /><testcase classname="tests.test_drops_curated_api.TestTrendingAPI" name="test_trending_products" time="0.169" /><testcase classname="tests.test_drops_curated_api.TestBrandsAPI" name="test_get_brands" time="0.112" /><testcase classname="tests.test_drops_curated_api.TestSubscriberCountAPI" name="test_subscriber_count" time="0.118" /></testsuite></testsuites>