<?xml version="1.0" encoding="utf-8"?><testsuites name="pytest tests"><testsuite name="pytest" errors="0" failures="0" skipped="0" tests="10" time="4.377" timestamp="2026-04-01T05:28:45.355708+00:00" hostname="agent-env-ecb575fe-e12f-4dc2-9981-ed649872fa8b"><testcase classname="backend.tests.test_categories_sizes_preferences.TestCategoriesAndSizesPreferences" name="test_save_preferences_with_categories" time="0.406" /><testcase classname="backend.tests.test_categories_sizes_preferences.TestCategoriesAndSizesPreferences" name="test_get_preferences_returns_categories" time="0.435" /><testcase classname="backend.tests.test_categories_sizes_preferences.TestCategoriesAndSizesPreferences" name="test_save_preferences_with_sizes" time="0.382" /><testcase classname="backend.tests.test_categories_sizes_preferences.TestCategoriesAndSizesPreferences" name="test_get_preferences_returns_sizes" time="0.401" /><testcase classname="backend.tests.test_categories_sizes_preferences.TestCategoriesAndSizesPreferences" name="test_save_preferences_with_all_categories" time="0.391" /><testcase classname="backend.tests.test_categories_sizes_preferences.TestCategoriesAndSizesPreferences" name="test_save_preferences_with_all_sizes" time="0.402" /><testcase classname="backend.tests.test_categories_sizes_preferences.TestCategoriesAndSizesPreferences" name="test_empty_categories_means_all_categories" time="0.383" /><testcase classname="backend.tests.test_categories_sizes_preferences.TestCategoriesAndSizesPreferences" name="test_empty_sizes_means_all_sizes" time="0.432" /><testcase classname="backend.tests.test_categories_sizes_preferences.TestCategoriesAndSizesPreferences" name="test_save_preferences_with_categories_sizes_brands_combined" time="0.390" /><testcase classname="backend.tests.test_categories_sizes_preferences.TestFullSubscriptionFlowWithCategoriesSizes" name="test_full_flow_with_categories_and_sizes" time="0.688" /></testsuite></testsuites>