<?xml version="1.0" encoding="utf-8"?><testsuites name="pytest tests"><testsuite name="pytest" errors="0" failures="0" skipped="0" tests="17" time="4.451" timestamp="2026-04-01T05:14:45.264730+00:00" hostname="agent-env-3ad7efc7-1660-4775-9a64-83ec4e153714"><testcase classname="backend.tests.test_scheduler_preferences_alerts.TestSchedulerAPI" name="test_scheduler_status_returns_valid_structure" time="0.123" /><testcase classname="backend.tests.test_scheduler_preferences_alerts.TestSchedulerAPI" name="test_scheduler_status_has_results" time="0.152" /><testcase classname="backend.tests.test_scheduler_preferences_alerts.TestSchedulerAPI" name="test_scheduler_trigger_starts_scrape" time="0.099" /><testcase classname="backend.tests.test_scheduler_preferences_alerts.TestPreferencesAPI" name="test_save_preferences_with_specific_brands" time="0.103" /><testcase classname="backend.tests.test_scheduler_preferences_alerts.TestPreferencesAPI" name="test_get_preferences_returns_saved_data" time="0.197" /><testcase classname="backend.tests.test_scheduler_preferences_alerts.TestPreferencesAPI" name="test_save_preferences_empty_brands_means_all" time="0.205" /><testcase classname="backend.tests.test_scheduler_preferences_alerts.TestPreferencesAPI" name="test_save_preferences_price_drop_only" time="0.228" /><testcase classname="backend.tests.test_scheduler_preferences_alerts.TestPreferencesAPI" name="test_save_preferences_new_release_only" time="0.222" /><testcase classname="backend.tests.test_scheduler_preferences_alerts.TestPreferencesAPI" name="test_get_preferences_nonexistent_phone_returns_404" time="0.112" /><testcase classname="backend.tests.test_scheduler_preferences_alerts.TestPreferencesAPI" name="test_save_preferences_all_14_brands" time="0.270" /><testcase classname="backend.tests.test_scheduler_preferences_alerts.TestAlertsAPI" name="test_recent_alerts_returns_list" time="0.196" /><testcase classname="backend.tests.test_scheduler_preferences_alerts.TestAlertsAPI" name="test_recent_alerts_structure" time="0.109" /><testcase classname="backend.tests.test_scheduler_preferences_alerts.TestAlertsAPI" name="test_recent_alerts_sorted_by_date" time="0.196" /><testcase classname="backend.tests.test_scheduler_preferences_alerts.TestScrapeStatusAPI" name="test_scrape_status_shows_7000_plus_products" time="0.277" /><testcase classname="backend.tests.test_scheduler_preferences_alerts.TestScrapeStatusAPI" name="test_scrape_status_shows_14_brands" time="0.298" /><testcase classname="backend.tests.test_scheduler_preferences_alerts.TestScrapeStatusAPI" name="test_scrape_status_shows_14_scrapers" time="0.227" /><testcase classname="backend.tests.test_scheduler_preferences_alerts.TestFullSubscriptionFlowWithPreferences" name="test_full_flow_with_preferences" time="1.362" /></testsuite></testsuites>