<?xml version="1.0" encoding="utf-8"?><testsuites name="pytest tests"><testsuite name="pytest" errors="0" failures="0" skipped="0" tests="11" time="2.481" timestamp="2026-04-01T05:40:38.570930+00:00" hostname="agent-env-ecb575fe-e12f-4dc2-9981-ed649872fa8b"><testcase classname="backend.tests.test_wallet_sizeguide_api.TestWalletAPI" name="test_apple_wallet_endpoint_exists" time="0.239" /><testcase classname="backend.tests.test_wallet_sizeguide_api.TestWalletAPI" name="test_apple_wallet_not_configured_response" time="0.106" /><testcase classname="backend.tests.test_wallet_sizeguide_api.TestWalletAPI" name="test_google_wallet_endpoint_exists" time="0.105" /><testcase classname="backend.tests.test_wallet_sizeguide_api.TestWalletAPI" name="test_google_wallet_not_configured_response" time="0.117" /><testcase classname="backend.tests.test_wallet_sizeguide_api.TestWalletAPI" name="test_apple_wallet_validates_input" time="0.144" /><testcase classname="backend.tests.test_wallet_sizeguide_api.TestWalletAPI" name="test_google_wallet_validates_input" time="0.099" /><testcase classname="backend.tests.test_wallet_sizeguide_api.TestFullSubscriptionFlowWithWallet" name="test_full_flow_to_success_page" time="0.847" /><testcase classname="backend.tests.test_wallet_sizeguide_api.TestExistingAPIsStillWork" name="test_otp_send_still_works" time="0.119" /><testcase classname="backend.tests.test_wallet_sizeguide_api.TestExistingAPIsStillWork" name="test_preferences_endpoint_still_works" time="0.412" /><testcase classname="backend.tests.test_wallet_sizeguide_api.TestExistingAPIsStillWork" name="test_brands_endpoint_still_works" time="0.122" /><testcase classname="backend.tests.test_wallet_sizeguide_api.TestExistingAPIsStillWork" name="test_subscriber_count_still_works" time="0.107" /></testsuite></testsuites>