<?xml version="1.0" encoding="utf-8"?><testsuites name="pytest tests"><testsuite name="pytest" errors="0" failures="0" skipped="0" tests="16" time="6.943" timestamp="2026-04-08T14:40:21.408251+00:00" hostname="agent-env-ecb575fe-e12f-4dc2-9981-ed649872fa8b"><testcase classname="backend.tests.test_simulate_preferences.TestSimulatePreferencesEndpoint" name="test_simulate_with_all_filters" time="0.262" /><testcase classname="backend.tests.test_simulate_preferences.TestSimulatePreferencesEndpoint" name="test_simulate_returns_sample_daily_digest" time="0.468" /><testcase classname="backend.tests.test_simulate_preferences.TestSimulatePreferencesEndpoint" name="test_simulate_returns_filters_applied" time="0.131" /><testcase classname="backend.tests.test_simulate_preferences.TestSimulatePreferencesEndpoint" name="test_simulate_new_drops_section" time="0.515" /><testcase classname="backend.tests.test_simulate_preferences.TestSimulatePreferencesEndpoint" name="test_simulate_price_drops_section" time="0.481" /><testcase classname="backend.tests.test_simulate_preferences.TestSimulatePreferencesEndpoint" name="test_simulate_restocks_section" time="0.484" /><testcase classname="backend.tests.test_simulate_preferences.TestSimulatePreferencesEndpoint" name="test_simulate_with_no_filters_returns_all_products" time="0.474" /><testcase classname="backend.tests.test_simulate_preferences.TestSimulatePreferencesEndpoint" name="test_simulate_with_strict_filters_returns_fewer_products" time="0.590" /><testcase classname="backend.tests.test_simulate_preferences.TestSimulatePreferencesEndpoint" name="test_simulate_frequency_impact_calculation" time="0.526" /><testcase classname="backend.tests.test_simulate_preferences.TestSimulatePreferencesEndpoint" name="test_simulate_sample_products_have_required_fields" time="0.484" /><testcase classname="backend.tests.test_simulate_preferences.TestSimulatePreferencesEndpoint" name="test_simulate_with_disabled_alert_types" time="0.461" /><testcase classname="backend.tests.test_simulate_preferences.TestSimulatePreferencesEndpoint" name="test_simulate_with_different_drop_thresholds" time="1.137" /><testcase classname="backend.tests.test_simulate_preferences.TestSimulatePreferencesEdgeCases" name="test_simulate_with_empty_request" time="0.485" /><testcase classname="backend.tests.test_simulate_preferences.TestSimulatePreferencesEdgeCases" name="test_simulate_with_invalid_category" time="0.143" /><testcase classname="backend.tests.test_simulate_preferences.TestSimulatePreferencesEdgeCases" name="test_simulate_with_price_range_min_only" time="0.115" /><testcase classname="backend.tests.test_simulate_preferences.TestSimulatePreferencesEdgeCases" name="test_simulate_with_price_range_max_only" time="0.131" /></testsuite></testsuites>