<?xml version="1.0" encoding="utf-8"?><testsuites name="pytest tests"><testsuite name="pytest" errors="0" failures="0" skipped="0" tests="28" time="5.632" timestamp="2026-04-01T02:50:02.826468+00:00" hostname="agent-env-3ad7efc7-1660-4775-9a64-83ec4e153714"><testcase classname="backend.tests.test_14_brands_api.TestScrapeStatus" name="test_scrape_status_returns_14_brands" time="0.240" /><testcase classname="backend.tests.test_14_brands_api.TestScrapeStatus" name="test_scrape_status_product_counts" time="0.120" /><testcase classname="backend.tests.test_14_brands_api.TestScrapeStatus" name="test_scrape_status_available_scrapers" time="0.113" /><testcase classname="backend.tests.test_14_brands_api.TestBrandSearch" name="test_search_by_brand_name[huemn-HUEMN]" time="0.138" /><testcase classname="backend.tests.test_14_brands_api.TestBrandSearch" name="test_search_by_brand_name[urban monkey-URBAN_MONKEY]" time="0.132" /><testcase classname="backend.tests.test_14_brands_api.TestBrandSearch" name="test_search_by_brand_name[farak-FARAK]" time="0.139" /><testcase classname="backend.tests.test_14_brands_api.TestBrandSearch" name="test_search_by_brand_name[almost gods-ALMOST_GODS]" time="0.135" /><testcase classname="backend.tests.test_14_brands_api.TestBrandSearch" name="test_search_by_brand_name[code brown-CODE_BROWN]" time="0.173" /><testcase classname="backend.tests.test_14_brands_api.TestBrandSearch" name="test_search_by_brand_name[jaywalking-JAYWALKING]" time="0.128" /><testcase classname="backend.tests.test_14_brands_api.TestBrandSearch" name="test_search_by_brand_name[noughtone-NOUGHTONE]" time="0.148" /><testcase classname="backend.tests.test_14_brands_api.TestBrandSearch" name="test_search_by_brand_name[bluorng-BLUORNG]" time="0.211" /><testcase classname="backend.tests.test_14_brands_api.TestBrandSearch" name="test_search_by_brand_name[capsul-CAPSUL]" time="0.131" /><testcase classname="backend.tests.test_14_brands_api.TestBrandSearch" name="test_search_by_brand_name[house of koala-HOUSE_OF_KOALA]" time="0.166" /><testcase classname="backend.tests.test_14_brands_api.TestBrandSearch" name="test_search_by_brand_name[hiyest-HIYEST]" time="0.159" /><testcase classname="backend.tests.test_14_brands_api.TestBrandSearch" name="test_search_by_brand_name[veg non veg-VEG_NON_VEG]" time="0.150" /><testcase classname="backend.tests.test_14_brands_api.TestBrandSearch" name="test_search_by_brand_name[culture circle-CULTURE_CIRCLE]" time="0.138" /><testcase classname="backend.tests.test_14_brands_api.TestBrandSearch" name="test_search_by_brand_name[crep dog crew-CREPDOG_CREW]" time="0.152" /><testcase classname="backend.tests.test_14_brands_api.TestCrossBrandSearch" name="test_search_jacket_returns_multiple_brands" time="0.169" /><testcase classname="backend.tests.test_14_brands_api.TestCrossBrandSearch" name="test_empty_search_returns_multiple_brands" time="0.221" /><testcase classname="backend.tests.test_14_brands_api.TestCrossBrandSearch" name="test_search_tshirt_returns_results" time="0.143" /><testcase classname="backend.tests.test_14_brands_api.TestCrossBrandSearch" name="test_search_hoodie_returns_results" time="0.153" /><testcase classname="backend.tests.test_14_brands_api.TestProductDetail" name="test_product_from_huemn" time="0.230" /><testcase classname="backend.tests.test_14_brands_api.TestProductDetail" name="test_product_from_urban_monkey" time="0.257" /><testcase classname="backend.tests.test_14_brands_api.TestProductDetail" name="test_product_from_farak" time="0.265" /><testcase classname="backend.tests.test_14_brands_api.TestSubscriptionFlow" name="test_otp_send" time="0.440" /><testcase classname="backend.tests.test_14_brands_api.TestSubscriptionFlow" name="test_otp_verify" time="0.349" /><testcase classname="backend.tests.test_14_brands_api.TestSubscriptionFlow" name="test_payment_create_order" time="0.316" /><testcase classname="backend.tests.test_14_brands_api.TestSubscriptionFlow" name="test_full_subscription_flow" time="0.430" /></testsuite></testsuites>