<?xml version="1.0" encoding="utf-8"?><testsuites name="pytest tests"><testsuite name="pytest" errors="0" failures="0" skipped="0" tests="21" time="3.913" timestamp="2026-04-08T14:27:56.522335+00:00" hostname="agent-env-ecb575fe-e12f-4dc2-9981-ed649872fa8b"><testcase classname="backend.tests.test_preference_funnel.TestPreferenceFunnelAPI" name="test_preferences_accepts_brand_limit_5" time="0.288" /><testcase classname="backend.tests.test_preference_funnel.TestPreferenceFunnelAPI" name="test_preferences_accepts_brand_limit_10" time="0.228" /><testcase classname="backend.tests.test_preference_funnel.TestPreferenceFunnelAPI" name="test_preferences_accepts_brand_limit_unlimited" time="0.277" /><testcase classname="backend.tests.test_preference_funnel.TestPreferenceFunnelAPI" name="test_preferences_accepts_restock_alert_type" time="0.313" /><testcase classname="backend.tests.test_preference_funnel.TestPreferenceFunnelAPI" name="test_preferences_accepts_all_trigger_types" time="0.285" /><testcase classname="backend.tests.test_preference_funnel.TestPreferenceFunnelAPI" name="test_preferences_accepts_price_range" time="0.210" /><testcase classname="backend.tests.test_preference_funnel.TestPreferenceFunnelAPI" name="test_preferences_accepts_keywords" time="0.199" /><testcase classname="backend.tests.test_preference_funnel.TestPreferenceFunnelAPI" name="test_preferences_accepts_drop_threshold" time="0.220" /><testcase classname="backend.tests.test_preference_funnel.TestPreferenceFunnelAPI" name="test_preferences_accepts_instant_frequency" time="0.222" /><testcase classname="backend.tests.test_preference_funnel.TestPreferenceFunnelAPI" name="test_preferences_accepts_daily_frequency" time="0.258" /><testcase classname="backend.tests.test_preference_funnel.TestGetPreferencesAPI" name="test_get_preferences_returns_brand_limit" time="0.102" /><testcase classname="backend.tests.test_preference_funnel.TestGetPreferencesAPI" name="test_get_preferences_returns_price_range" time="0.108" /><testcase classname="backend.tests.test_preference_funnel.TestGetPreferencesAPI" name="test_get_preferences_returns_keywords" time="0.110" /><testcase classname="backend.tests.test_preference_funnel.TestGetPreferencesAPI" name="test_get_preferences_returns_drop_threshold" time="0.112" /><testcase classname="backend.tests.test_preference_funnel.TestGetPreferencesAPI" name="test_get_preferences_returns_alert_frequency" time="0.105" /><testcase classname="backend.tests.test_preference_funnel.TestGetPreferencesAPI" name="test_get_preferences_returns_restock_in_alert_types" time="0.106" /><testcase classname="backend.tests.test_preference_funnel.TestGetPreferencesAPI" name="test_get_preferences_returns_defaults_for_new_subscriber" time="0.113" /><testcase classname="backend.tests.test_preference_funnel.TestSchedulerStatus" name="test_scheduler_status_shows_auto_scrape_job" time="0.123" /><testcase classname="backend.tests.test_preference_funnel.TestSchedulerStatus" name="test_scheduler_status_shows_daily_digest_job" time="0.116" /><testcase classname="backend.tests.test_preference_funnel.TestSchedulerStatus" name="test_scheduler_status_complete_structure" time="0.129" /><testcase classname="backend.tests.test_preference_funnel.TestPreferenceFunnelIntegration" name="test_full_preference_funnel_save_and_retrieve" time="0.219" /></testsuite></testsuites>