<?xml version="1.0" encoding="utf-8"?><testsuites name="pytest tests"><testsuite name="pytest" errors="0" failures="0" skipped="0" tests="29" time="5.554" timestamp="2026-04-01T02:31:24.433765+00:00" hostname="agent-env-3ad7efc7-1660-4775-9a64-83ec4e153714"><testcase classname="backend.tests.test_drops_curated_api.TestSearchAPI" name="test_search_empty_query_returns_products" time="0.182" /><testcase classname="backend.tests.test_drops_curated_api.TestSearchAPI" name="test_search_with_query_filters_products" time="0.130" /><testcase classname="backend.tests.test_drops_curated_api.TestSearchAPI" name="test_search_with_category_filter" time="0.117" /><testcase classname="backend.tests.test_drops_curated_api.TestSearchAPI" name="test_search_pagination" time="0.231" /><testcase classname="backend.tests.test_drops_curated_api.TestSearchAPI" name="test_search_returns_price_data" time="0.099" /><testcase classname="backend.tests.test_drops_curated_api.TestProductDetailAPI" name="test_get_product_by_id" time="0.241" /><testcase classname="backend.tests.test_drops_curated_api.TestProductDetailAPI" name="test_get_product_not_found" time="0.113" /><testcase classname="backend.tests.test_drops_curated_api.TestProductDetailAPI" name="test_product_prices_structure" time="0.227" /><testcase classname="backend.tests.test_drops_curated_api.TestScrapeStatusAPI" name="test_scrape_status_returns_brands" time="0.128" /><testcase classname="backend.tests.test_drops_curated_api.TestScrapeStatusAPI" name="test_scrape_status_brand_structure" time="0.107" /><testcase classname="backend.tests.test_drops_curated_api.TestTrendingAPI" name="test_trending_products" time="0.099" /><testcase classname="backend.tests.test_drops_curated_api.TestBrandsAPI" name="test_get_brands" time="0.105" /><testcase classname="backend.tests.test_drops_curated_api.TestSubscriberCountAPI" name="test_subscriber_count" time="0.120" /><testcase classname="backend.tests.test_otp_payment_partner.TestOTPAPI" name="test_send_otp_valid_phone" time="0.103" /><testcase classname="backend.tests.test_otp_payment_partner.TestOTPAPI" name="test_send_otp_invalid_phone_short" time="0.105" /><testcase classname="backend.tests.test_otp_payment_partner.TestOTPAPI" name="test_send_otp_invalid_phone_wrong_prefix" time="0.103" /><testcase classname="backend.tests.test_otp_payment_partner.TestOTPAPI" name="test_verify_otp_valid" time="0.225" /><testcase classname="backend.tests.test_otp_payment_partner.TestOTPAPI" name="test_verify_otp_invalid" time="0.225" /><testcase classname="backend.tests.test_otp_payment_partner.TestOTPAPI" name="test_verify_otp_expired" time="0.093" /><testcase classname="backend.tests.test_otp_payment_partner.TestPaymentAPI" name="test_create_order_success" time="0.532" /><testcase classname="backend.tests.test_otp_payment_partner.TestPaymentAPI" name="test_create_order_without_verification" time="0.108" /><testcase classname="backend.tests.test_otp_payment_partner.TestPaymentAPI" name="test_verify_payment_success" time="0.439" /><testcase classname="backend.tests.test_otp_payment_partner.TestPaymentAPI" name="test_verify_payment_invalid_order" time="0.111" /><testcase classname="backend.tests.test_otp_payment_partner.TestMembershipAPI" name="test_get_membership_exists" time="0.542" /><testcase classname="backend.tests.test_otp_payment_partner.TestMembershipAPI" name="test_get_membership_not_found" time="0.116" /><testcase classname="backend.tests.test_otp_payment_partner.TestPartnerInquiryAPI" name="test_partner_inquiry_success" time="0.105" /><testcase classname="backend.tests.test_otp_payment_partner.TestPartnerInquiryAPI" name="test_partner_inquiry_minimal" time="0.114" /><testcase classname="backend.tests.test_otp_payment_partner.TestPartnerInquiryAPI" name="test_partner_inquiry_missing_required" time="0.099" /><testcase classname="backend.tests.test_otp_payment_partner.TestEndToEndSubscriptionFlow" name="test_full_subscription_flow" time="0.556" /></testsuite></testsuites>