<?xml version="1.0" encoding="utf-8"?><testsuites name="pytest tests"><testsuite name="pytest" errors="0" failures="0" skipped="0" tests="15" time="7.687" timestamp="2026-04-20T13:04:56.426575+00:00" hostname="agent-env-ecb575fe-e12f-4dc2-9981-ed649872fa8b"><testcase classname="backend.tests.test_telegram_account.TestTelegramBot" name="test_admin_status_configured" time="0.785" /><testcase classname="backend.tests.test_telegram_account.TestTelegramBot" name="test_link_code_returns_deep_link" time="0.055" /><testcase classname="backend.tests.test_telegram_account.TestTelegramBot" name="test_link_code_invalid_phone" time="0.049" /><testcase classname="backend.tests.test_telegram_account.TestTelegramBot" name="test_link_code_unknown_phone" time="0.050" /><testcase classname="backend.tests.test_telegram_account.TestTelegramBot" name="test_webhook_help" time="0.942" /><testcase classname="backend.tests.test_telegram_account.TestTelegramBot" name="test_webhook_start_links_chat" time="2.636" /><testcase classname="backend.tests.test_telegram_account.TestTelegramBot" name="test_webhook_start_expired_code" time="0.939" /><testcase classname="backend.tests.test_telegram_account.TestAccountEndpoints" name="test_account_login_and_get" time="0.383" /><testcase classname="backend.tests.test_telegram_account.TestAccountEndpoints" name="test_account_channels_forces_email_on" time="0.100" /><testcase classname="backend.tests.test_telegram_account.TestAccountEndpoints" name="test_account_channels_whatsapp_telegram" time="0.053" /><testcase classname="backend.tests.test_telegram_account.TestAccountEndpoints" name="test_account_channels_strips_unknown" time="0.048" /><testcase classname="backend.tests.test_telegram_account.TestAccountEndpoints" name="test_account_pause_and_resume" time="0.215" /><testcase classname="backend.tests.test_telegram_account.TestAccountEndpoints" name="test_account_pause_invalid_days" time="0.050" /><testcase classname="backend.tests.test_telegram_account.TestAccountEndpoints" name="test_account_requires_otp_verification" time="0.093" /><testcase classname="backend.tests.test_telegram_account.TestAccountEndpoints" name="test_telegram_disconnect" time="1.220" /></testsuite></testsuites>