<?xml version="1.0" encoding="utf-8"?><testsuites name="pytest tests"><testsuite name="pytest" errors="0" failures="0" skipped="2" tests="12" time="3.598" timestamp="2026-04-19T15:08:33.823375+00:00" hostname="agent-env-ecb575fe-e12f-4dc2-9981-ed649872fa8b"><testcase classname="backend.tests.test_vip_subscription.TestPlansCatalog" name="test_plans_returns_four_plans" time="0.132" /><testcase classname="backend.tests.test_vip_subscription.TestPlansCatalog" name="test_plan_amounts_correct" time="0.115" /><testcase classname="backend.tests.test_vip_subscription.TestPlansCatalog" name="test_plan_benefits_present" time="0.119" /><testcase classname="backend.tests.test_vip_subscription.TestCreateOrderAmounts" name="test_create_order_amount_matches_plan[monthly-39900]" time="0.563" /><testcase classname="backend.tests.test_vip_subscription.TestCreateOrderAmounts" name="test_create_order_amount_matches_plan[vip_monthly-299900]" time="0.511" /><testcase classname="backend.tests.test_vip_subscription.TestCreateOrderAmounts" name="test_create_order_amount_matches_plan[vip_6mo-1619500]" time="0.498" /><testcase classname="backend.tests.test_vip_subscription.TestCreateOrderAmounts" name="test_create_order_amount_matches_plan[vip_yearly-2879000]" time="0.541"><skipped type="pytest.skip" message="rate-limited on create-order for vip_yearly">/app/backend/tests/test_vip_subscription.py:82: rate-limited on create-order for vip_yearly</skipped></testcase><testcase classname="backend.tests.test_vip_subscription.TestPaymentVerifyVip" name="test_vip_yearly_verify_sets_tier_and_expiry" time="0.558"><skipped type="pytest.skip" message="rate-limited on create-order">/app/backend/tests/test_vip_subscription.py:118: rate-limited on create-order</skipped></testcase><testcase classname="backend.tests.test_vip_subscription.TestSubscriberStatus" name="test_existing_regular_subscriber_status" time="0.108" /><testcase classname="backend.tests.test_vip_subscription.TestSubscriberStatus" name="test_unknown_phone_returns_not_found_or_default" time="0.138" /><testcase classname="backend.tests.test_vip_subscription.TestCrossStoreSavings" name="test_savings_active_count" time="0.123" /><testcase classname="backend.tests.test_vip_subscription.TestCrossStoreSavings" name="test_almost_gods_product_superkicks_cheapest" time="0.139" /></testsuite></testsuites>